<?xml version="1.0" encoding="UTF-8"?>
<testsuite name="com.howtodoinjava.demo.SpringBootDemoApplicationTests" time="0.011" tests="1" errors="1" skipped="0" failures="0">
  <properties>
    <property name="java.runtime.name" value="Java(TM) SE Runtime Environment"/>
    <property name="sun.boot.library.path" value="C:\Program Files\Java\jdk1.8.0_201\jre\bin"/>
    <property name="java.vm.version" value="25.201-b09"/>
    <property name="java.vm.vendor" value="Oracle Corporation"/>
    <property name="maven.multiModuleProjectDirectory" value="C:\Users\c-rcheruku\Downloads\RewardsProgram\springbootdemo"/>
    <property name="java.vendor.url" value="http://java.oracle.com/"/>
    <property name="path.separator" value=";"/>
    <property name="guice.disable.misplaced.annotation.check" value="true"/>
    <property name="java.vm.name" value="Java HotSpot(TM) 64-Bit Server VM"/>
    <property name="file.encoding.pkg" value="sun.io"/>
    <property name="user.script" value=""/>
    <property name="user.country" value="US"/>
    <property name="sun.java.launcher" value="SUN_STANDARD"/>
    <property name="sun.os.patch.level" value=""/>
    <property name="java.vm.specification.name" value="Java Virtual Machine Specification"/>
    <property name="user.dir" value="C:\Users\c-rcheruku\Downloads\RewardsProgram\springbootdemo"/>
    <property name="java.runtime.version" value="1.8.0_201-b09"/>
    <property name="java.awt.graphicsenv" value="sun.awt.Win32GraphicsEnvironment"/>
    <property name="java.endorsed.dirs" value="C:\Program Files\Java\jdk1.8.0_201\jre\lib\endorsed"/>
    <property name="os.arch" value="amd64"/>
    <property name="java.io.tmpdir" value="C:\Users\C-RCHE~1\AppData\Local\Temp\"/>
    <property name="line.separator" value="&#10;"/>
    <property name="java.vm.specification.vendor" value="Oracle Corporation"/>
    <property name="user.variant" value=""/>
    <property name="os.name" value="Windows 10"/>
    <property name="classworlds.conf" value="C:\Users\c-rcheruku\neweclipse-workspace\.metadata\.plugins\org.eclipse.m2e.launching\launches\m2conf1162125223705208448.tmp"/>
    <property name="sun.jnu.encoding" value="Cp1252"/>
    <property name="java.library.path" value="C:\Program Files\Java\jdk1.8.0_201\bin;C:\WINDOWS\Sun\Java\bin;C:\WINDOWS\system32;C:\WINDOWS;C:/Program Files/Java/jre1.8.0_201/bin/server;C:/Program Files/Java/jre1.8.0_201/bin;C:/Program Files/Java/jre1.8.0_201/lib/amd64;C:\Program Files (x86)\Common Files\Oracle\Java\javapath;C:\WINDOWS\system32;C:\WINDOWS;C:\WINDOWS\System32\Wbem;C:\WINDOWS\System32\WindowsPowerShell\v1.0\;C:\WINDOWS\System32\OpenSSH\;C:\Program Files\Git\bin;C:\Program Files\nodejs\;C:\Program Files\PolicyPak\;C:\Users\c-rcheruku\AppData\Local\Microsoft\WindowsApps;C:\Users\c-rcheruku\AppData\Local\Programs\Microsoft VS Code\bin;C:\Program Files\Java\jdk1.8.0_201\bin;C:\MVDLS3\Softwares\apache-maven-3.5.4\bin;C:\Program Files\nodejs;C:\Users\c-rcheruku\AppData\Roaming\npm;;C:\EclipseNew\eclipse-jee-2019-03-x86_64\eclipse;;."/>
    <property name="java.specification.name" value="Java Platform API Specification"/>
    <property name="java.class.version" value="52.0"/>
    <property name="sun.management.compiler" value="HotSpot 64-Bit Tiered Compilers"/>
    <property name="os.version" value="10.0"/>
    <property name="user.home" value="C:\Users\c-rcheruku"/>
    <property name="user.timezone" value="America/New_York"/>
    <property name="java.awt.printerjob" value="sun.awt.windows.WPrinterJob"/>
    <property name="java.specification.version" value="1.8"/>
    <property name="file.encoding" value="Cp1252"/>
    <property name="user.name" value="c-rcheruku"/>
    <property name="java.class.path" value="C:\EclipseNew\eclipse-jee-2019-03-x86_64\eclipse\plugins\org.eclipse.m2e.maven.runtime_1.11.0.20190220-2117\jars\plexus-classworlds-2.5.2.jar"/>
    <property name="java.vm.specification.version" value="1.8"/>
    <property name="sun.arch.data.model" value="64"/>
    <property name="java.home" value="C:\Program Files\Java\jdk1.8.0_201\jre"/>
    <property name="sun.java.command" value="org.codehaus.plexus.classworlds.launcher.Launcher -B install"/>
    <property name="java.specification.vendor" value="Oracle Corporation"/>
    <property name="user.language" value="en"/>
    <property name="awt.toolkit" value="sun.awt.windows.WToolkit"/>
    <property name="java.vm.info" value="mixed mode"/>
    <property name="java.version" value="1.8.0_201"/>
    <property name="java.ext.dirs" value="C:\Program Files\Java\jdk1.8.0_201\jre\lib\ext;C:\WINDOWS\Sun\Java\lib\ext"/>
    <property name="sun.boot.class.path" value="C:\Program Files\Java\jdk1.8.0_201\jre\lib\resources.jar;C:\Program Files\Java\jdk1.8.0_201\jre\lib\rt.jar;C:\Program Files\Java\jdk1.8.0_201\jre\lib\sunrsasign.jar;C:\Program Files\Java\jdk1.8.0_201\jre\lib\jsse.jar;C:\Program Files\Java\jdk1.8.0_201\jre\lib\jce.jar;C:\Program Files\Java\jdk1.8.0_201\jre\lib\charsets.jar;C:\Program Files\Java\jdk1.8.0_201\jre\lib\jfr.jar;C:\Program Files\Java\jdk1.8.0_201\jre\classes"/>
    <property name="java.vendor" value="Oracle Corporation"/>
    <property name="maven.home" value="C:\Users\c-rcheruku\Downloads\RewardsProgram\springbootdemo\EMBEDDED"/>
    <property name="file.separator" value="\"/>
    <property name="java.vendor.url.bug" value="http://bugreport.sun.com/bugreport/"/>
    <property name="sun.cpu.endian" value="little"/>
    <property name="sun.io.unicode.encoding" value="UnicodeLittle"/>
    <property name="sun.desktop" value="windows"/>
    <property name="sun.cpu.isalist" value="amd64"/>
  </properties>
  <testcase name="initializationError" classname="com.howtodoinjava.demo.SpringBootDemoApplicationTests" time="0.011">
    <error message="Unable to find a @SpringBootConfiguration, you need to use @ContextConfiguration or @SpringBootTest(classes=...) with your test" type="java.lang.IllegalStateException"><![CDATA[java.lang.IllegalStateException: Unable to find a @SpringBootConfiguration, you need to use @ContextConfiguration or @SpringBootTest(classes=...) with your test
	at org.springframework.util.Assert.state(Assert.java:392)
	at org.springframework.boot.test.context.SpringBootTestContextBootstrapper.getOrFindConfigurationClasses(SpringBootTestContextBootstrapper.java:156)
	at org.springframework.boot.test.context.SpringBootTestContextBootstrapper.processMergedContextConfiguration(SpringBootTestContextBootstrapper.java:116)
	at org.springframework.test.context.support.AbstractTestContextBootstrapper.buildMergedContextConfiguration(AbstractTestContextBootstrapper.java:409)
	at org.springframework.test.context.support.AbstractTestContextBootstrapper.buildDefaultMergedContextConfiguration(AbstractTestContextBootstrapper.java:323)
	at org.springframework.test.context.support.AbstractTestContextBootstrapper.buildMergedContextConfiguration(AbstractTestContextBootstrapper.java:277)
	at org.springframework.test.context.support.AbstractTestContextBootstrapper.buildTestContext(AbstractTestContextBootstrapper.java:112)
	at org.springframework.boot.test.context.SpringBootTestContextBootstrapper.buildTestContext(SpringBootTestContextBootstrapper.java:74)
	at org.springframework.test.context.TestContextManager.<init>(TestContextManager.java:120)
	at org.springframework.test.context.TestContextManager.<init>(TestContextManager.java:105)
	at org.springframework.test.context.junit4.SpringJUnit4ClassRunner.createTestContextManager(SpringJUnit4ClassRunner.java:152)
	at org.springframework.test.context.junit4.SpringJUnit4ClassRunner.<init>(SpringJUnit4ClassRunner.java:143)
	at org.springframework.test.context.junit4.SpringRunner.<init>(SpringRunner.java:49)
	at sun.reflect.NativeConstructorAccessorImpl.newInstance0(Native Method)
	at sun.reflect.NativeConstructorAccessorImpl.newInstance(NativeConstructorAccessorImpl.java:62)
	at sun.reflect.DelegatingConstructorAccessorImpl.newInstance(DelegatingConstructorAccessorImpl.java:45)
	at java.lang.reflect.Constructor.newInstance(Constructor.java:423)
	at org.junit.internal.builders.AnnotatedBuilder.buildRunner(AnnotatedBuilder.java:104)
	at org.junit.internal.builders.AnnotatedBuilder.runnerForClass(AnnotatedBuilder.java:86)
	at org.junit.runners.model.RunnerBuilder.safeRunnerForClass(RunnerBuilder.java:59)
	at org.junit.internal.builders.AllDefaultPossibilitiesBuilder.runnerForClass(AllDefaultPossibilitiesBuilder.java:26)
	at org.junit.runners.model.RunnerBuilder.safeRunnerForClass(RunnerBuilder.java:59)
	at org.junit.internal.requests.ClassRequest.getRunner(ClassRequest.java:33)
	at org.apache.maven.surefire.junit4.JUnit4Provider.execute(JUnit4Provider.java:283)
	at org.apache.maven.surefire.junit4.JUnit4Provider.executeWithRerun(JUnit4Provider.java:173)
	at org.apache.maven.surefire.junit4.JUnit4Provider.executeTestSet(JUnit4Provider.java:153)
	at org.apache.maven.surefire.junit4.JUnit4Provider.invoke(JUnit4Provider.java:128)
	at org.apache.maven.surefire.booter.ForkedBooter.invokeProviderInSameClassLoader(ForkedBooter.java:203)
	at org.apache.maven.surefire.booter.ForkedBooter.runSuitesInProcess(ForkedBooter.java:155)
	at org.apache.maven.surefire.booter.ForkedBooter.main(ForkedBooter.java:103)
]]></error>
    <system-out><![CDATA[09:55:57.234 [main] DEBUG org.springframework.test.context.junit4.SpringJUnit4ClassRunner - SpringJUnit4ClassRunner constructor called with [class com.howtodoinjava.demo.SpringBootDemoApplicationTests]
09:55:57.242 [main] DEBUG org.springframework.test.context.BootstrapUtils - Instantiating CacheAwareContextLoaderDelegate from class [org.springframework.test.context.cache.DefaultCacheAwareContextLoaderDelegate]
09:55:57.254 [main] DEBUG org.springframework.test.context.BootstrapUtils - Instantiating BootstrapContext using constructor [public org.springframework.test.context.support.DefaultBootstrapContext(java.lang.Class,org.springframework.test.context.CacheAwareContextLoaderDelegate)]
09:55:57.276 [main] DEBUG org.springframework.test.context.BootstrapUtils - Instantiating TestContextBootstrapper for test class [com.howtodoinjava.demo.SpringBootDemoApplicationTests] from class [org.springframework.boot.test.context.SpringBootTestContextBootstrapper]
09:55:57.288 [main] INFO org.springframework.boot.test.context.SpringBootTestContextBootstrapper - Neither @ContextConfiguration nor @ContextHierarchy found for test class [com.howtodoinjava.demo.SpringBootDemoApplicationTests], using SpringBootContextLoader
09:55:57.293 [main] DEBUG org.springframework.test.context.support.AbstractContextLoader - Did not detect default resource location for test class [com.howtodoinjava.demo.SpringBootDemoApplicationTests]: class path resource [com/howtodoinjava/demo/SpringBootDemoApplicationTests-context.xml] does not exist
09:55:57.293 [main] DEBUG org.springframework.test.context.support.AbstractContextLoader - Did not detect default resource location for test class [com.howtodoinjava.demo.SpringBootDemoApplicationTests]: class path resource [com/howtodoinjava/demo/SpringBootDemoApplicationTestsContext.groovy] does not exist
09:55:57.293 [main] INFO org.springframework.test.context.support.AbstractContextLoader - Could not detect default resource locations for test class [com.howtodoinjava.demo.SpringBootDemoApplicationTests]: no resource found for suffixes {-context.xml, Context.groovy}.
09:55:57.294 [main] INFO org.springframework.test.context.support.AnnotationConfigContextLoaderUtils - Could not detect default configuration classes for test class [com.howtodoinjava.demo.SpringBootDemoApplicationTests]: SpringBootDemoApplicationTests does not declare any static, non-private, non-final, nested classes annotated with @Configuration.
09:55:57.337 [main] DEBUG org.springframework.test.context.support.ActiveProfilesUtils - Could not find an 'annotation declaring class' for annotation type [org.springframework.test.context.ActiveProfiles] and class [com.howtodoinjava.demo.SpringBootDemoApplicationTests]
09:55:57.392 [main] DEBUG org.springframework.core.env.StandardEnvironment - Adding [systemProperties] PropertySource with lowest search precedence
09:55:57.394 [main] DEBUG org.springframework.core.env.StandardEnvironment - Adding [systemEnvironment] PropertySource with lowest search precedence
09:55:57.394 [main] DEBUG org.springframework.core.env.StandardEnvironment - Initialized StandardEnvironment with PropertySources [systemProperties,systemEnvironment]
09:55:57.406 [main] DEBUG org.springframework.core.io.support.PathMatchingResourcePatternResolver - Resolved classpath location [com/howtodoinjava/demo/] to resources [URL [file:/C:/Users/c-rcheruku/Downloads/RewardsProgram/springbootdemo/target/test-classes/com/howtodoinjava/demo/]]
09:55:57.407 [main] DEBUG org.springframework.core.io.support.PathMatchingResourcePatternResolver - Looking for matching resources in directory tree [C:\Users\c-rcheruku\Downloads\RewardsProgram\springbootdemo\target\test-classes\com\howtodoinjava\demo]
09:55:57.407 [main] DEBUG org.springframework.core.io.support.PathMatchingResourcePatternResolver - Searching directory [C:\Users\c-rcheruku\Downloads\RewardsProgram\springbootdemo\target\test-classes\com\howtodoinjava\demo] for files matching pattern [C:/Users/c-rcheruku/Downloads/RewardsProgram/springbootdemo/target/test-classes/com/howtodoinjava/demo/*.class]
09:55:57.411 [main] DEBUG org.springframework.core.io.support.PathMatchingResourcePatternResolver - Resolved location pattern [classpath*:com/howtodoinjava/demo/*.class] to resources [file [C:\Users\c-rcheruku\Downloads\RewardsProgram\springbootdemo\target\test-classes\com\howtodoinjava\demo\SpringBootDemoApplicationTests.class]]
09:55:57.437 [main] DEBUG org.springframework.core.io.support.PathMatchingResourcePatternResolver - Resolved classpath location [com/howtodoinjava/] to resources [URL [file:/C:/Users/c-rcheruku/Downloads/RewardsProgram/springbootdemo/target/test-classes/com/howtodoinjava/]]
09:55:57.437 [main] DEBUG org.springframework.core.io.support.PathMatchingResourcePatternResolver - Looking for matching resources in directory tree [C:\Users\c-rcheruku\Downloads\RewardsProgram\springbootdemo\target\test-classes\com\howtodoinjava]
09:55:57.438 [main] DEBUG org.springframework.core.io.support.PathMatchingResourcePatternResolver - Searching directory [C:\Users\c-rcheruku\Downloads\RewardsProgram\springbootdemo\target\test-classes\com\howtodoinjava] for files matching pattern [C:/Users/c-rcheruku/Downloads/RewardsProgram/springbootdemo/target/test-classes/com/howtodoinjava/*.class]
09:55:57.438 [main] DEBUG org.springframework.core.io.support.PathMatchingResourcePatternResolver - Resolved location pattern [classpath*:com/howtodoinjava/*.class] to resources []
09:55:57.439 [main] DEBUG org.springframework.core.io.support.PathMatchingResourcePatternResolver - Resolved classpath location [com/] to resources [URL [file:/C:/Users/c-rcheruku/Downloads/RewardsProgram/springbootdemo/target/test-classes/com/], URL [file:/C:/Users/c-rcheruku/Downloads/RewardsProgram/springbootdemo/target/classes/com/], URL [jar:file:/C:/Users/c-rcheruku/.m2/repository/com/fasterxml/jackson/core/jackson-databind/2.8.1/jackson-databind-2.8.1.jar!/com/], URL [jar:file:/C:/Users/c-rcheruku/.m2/repository/com/fasterxml/jackson/core/jackson-annotations/2.8.1/jackson-annotations-2.8.1.jar!/com/], URL [jar:file:/C:/Users/c-rcheruku/.m2/repository/com/fasterxml/jackson/core/jackson-core/2.8.1/jackson-core-2.8.1.jar!/com/], URL [jar:file:/C:/Users/c-rcheruku/.m2/repository/org/glassfish/jersey/core/jersey-server/2.23.1/jersey-server-2.23.1.jar!/com/], URL [jar:file:/C:/Users/c-rcheruku/.m2/repository/org/glassfish/hk2/hk2-core/2.4.0-b34/hk2-core-2.4.0-b34.jar!/com/], URL [jar:file:/C:/Users/c-rcheruku/.m2/repository/com/fasterxml/jackson/jaxrs/jackson-jaxrs-base/2.8.1/jackson-jaxrs-base-2.8.1.jar!/com/], URL [jar:file:/C:/Users/c-rcheruku/.m2/repository/com/fasterxml/jackson/jaxrs/jackson-jaxrs-json-provider/2.8.1/jackson-jaxrs-json-provider-2.8.1.jar!/com/], URL [jar:file:/C:/Users/c-rcheruku/.m2/repository/com/fasterxml/jackson/module/jackson-module-jaxb-annotations/2.8.1/jackson-module-jaxb-annotations-2.8.1.jar!/com/], URL [jar:file:/C:/Users/c-rcheruku/.m2/repository/com/fasterxml/classmate/1.3.1/classmate-1.3.1.jar!/com/], URL [jar:file:/C:/Users/c-rcheruku/.m2/repository/com/jayway/jsonpath/json-path/2.2.0/json-path-2.2.0.jar!/com/]]
09:55:57.440 [main] DEBUG org.springframework.core.io.support.PathMatchingResourcePatternResolver - Looking for matching resources in directory tree [C:\Users\c-rcheruku\Downloads\RewardsProgram\springbootdemo\target\test-classes\com]
09:55:57.440 [main] DEBUG org.springframework.core.io.support.PathMatchingResourcePatternResolver - Searching directory [C:\Users\c-rcheruku\Downloads\RewardsProgram\springbootdemo\target\test-classes\com] for files matching pattern [C:/Users/c-rcheruku/Downloads/RewardsProgram/springbootdemo/target/test-classes/com/*.class]
09:55:57.441 [main] DEBUG org.springframework.core.io.support.PathMatchingResourcePatternResolver - Looking for matching resources in directory tree [C:\Users\c-rcheruku\Downloads\RewardsProgram\springbootdemo\target\classes\com]
09:55:57.442 [main] DEBUG org.springframework.core.io.support.PathMatchingResourcePatternResolver - Searching directory [C:\Users\c-rcheruku\Downloads\RewardsProgram\springbootdemo\target\classes\com] for files matching pattern [C:/Users/c-rcheruku/Downloads/RewardsProgram/springbootdemo/target/classes/com/*.class]
09:55:57.443 [main] DEBUG org.springframework.core.io.support.PathMatchingResourcePatternResolver - Looking for matching resources in jar file [file:/C:/Users/c-rcheruku/.m2/repository/com/fasterxml/jackson/core/jackson-databind/2.8.1/jackson-databind-2.8.1.jar]
09:55:57.455 [main] DEBUG org.springframework.core.io.support.PathMatchingResourcePatternResolver - Looking for matching resources in jar file [file:/C:/Users/c-rcheruku/.m2/repository/com/fasterxml/jackson/core/jackson-annotations/2.8.1/jackson-annotations-2.8.1.jar]
09:55:57.459 [main] DEBUG org.springframework.core.io.support.PathMatchingResourcePatternResolver - Looking for matching resources in jar file [file:/C:/Users/c-rcheruku/.m2/repository/com/fasterxml/jackson/core/jackson-core/2.8.1/jackson-core-2.8.1.jar]
09:55:57.460 [main] DEBUG org.springframework.core.io.support.PathMatchingResourcePatternResolver - Looking for matching resources in jar file [file:/C:/Users/c-rcheruku/.m2/repository/org/glassfish/jersey/core/jersey-server/2.23.1/jersey-server-2.23.1.jar]
09:55:57.461 [main] DEBUG org.springframework.core.io.support.PathMatchingResourcePatternResolver - Looking for matching resources in jar file [file:/C:/Users/c-rcheruku/.m2/repository/org/glassfish/hk2/hk2-core/2.4.0-b34/hk2-core-2.4.0-b34.jar]
09:55:57.462 [main] DEBUG org.springframework.core.io.support.PathMatchingResourcePatternResolver - Looking for matching resources in jar file [file:/C:/Users/c-rcheruku/.m2/repository/com/fasterxml/jackson/jaxrs/jackson-jaxrs-base/2.8.1/jackson-jaxrs-base-2.8.1.jar]
09:55:57.462 [main] DEBUG org.springframework.core.io.support.PathMatchingResourcePatternResolver - Looking for matching resources in jar file [file:/C:/Users/c-rcheruku/.m2/repository/com/fasterxml/jackson/jaxrs/jackson-jaxrs-json-provider/2.8.1/jackson-jaxrs-json-provider-2.8.1.jar]
09:55:57.463 [main] DEBUG org.springframework.core.io.support.PathMatchingResourcePatternResolver - Looking for matching resources in jar file [file:/C:/Users/c-rcheruku/.m2/repository/com/fasterxml/jackson/module/jackson-module-jaxb-annotations/2.8.1/jackson-module-jaxb-annotations-2.8.1.jar]
09:55:57.463 [main] DEBUG org.springframework.core.io.support.PathMatchingResourcePatternResolver - Looking for matching resources in jar file [file:/C:/Users/c-rcheruku/.m2/repository/com/fasterxml/classmate/1.3.1/classmate-1.3.1.jar]
09:55:57.464 [main] DEBUG org.springframework.core.io.support.PathMatchingResourcePatternResolver - Looking for matching resources in jar file [file:/C:/Users/c-rcheruku/.m2/repository/com/jayway/jsonpath/json-path/2.2.0/json-path-2.2.0.jar]
09:55:57.465 [main] DEBUG org.springframework.core.io.support.PathMatchingResourcePatternResolver - Resolved location pattern [classpath*:com/*.class] to resources []
09:55:57.471 [main] DEBUG org.springframework.test.context.junit4.SpringJUnit4ClassRunner - SpringJUnit4ClassRunner constructor called with [class com.howtodoinjava.demo.SpringBootDemoApplicationTests]
09:55:57.471 [main] DEBUG org.springframework.test.context.BootstrapUtils - Instantiating CacheAwareContextLoaderDelegate from class [org.springframework.test.context.cache.DefaultCacheAwareContextLoaderDelegate]
09:55:57.471 [main] DEBUG org.springframework.test.context.BootstrapUtils - Instantiating BootstrapContext using constructor [public org.springframework.test.context.support.DefaultBootstrapContext(java.lang.Class,org.springframework.test.context.CacheAwareContextLoaderDelegate)]
09:55:57.472 [main] DEBUG org.springframework.test.context.BootstrapUtils - Instantiating TestContextBootstrapper for test class [com.howtodoinjava.demo.SpringBootDemoApplicationTests] from class [org.springframework.boot.test.context.SpringBootTestContextBootstrapper]
09:55:57.473 [main] INFO org.springframework.boot.test.context.SpringBootTestContextBootstrapper - Neither @ContextConfiguration nor @ContextHierarchy found for test class [com.howtodoinjava.demo.SpringBootDemoApplicationTests], using SpringBootContextLoader
09:55:57.474 [main] DEBUG org.springframework.test.context.support.AbstractContextLoader - Did not detect default resource location for test class [com.howtodoinjava.demo.SpringBootDemoApplicationTests]: class path resource [com/howtodoinjava/demo/SpringBootDemoApplicationTests-context.xml] does not exist
09:55:57.474 [main] DEBUG org.springframework.test.context.support.AbstractContextLoader - Did not detect default resource location for test class [com.howtodoinjava.demo.SpringBootDemoApplicationTests]: class path resource [com/howtodoinjava/demo/SpringBootDemoApplicationTestsContext.groovy] does not exist
09:55:57.474 [main] INFO org.springframework.test.context.support.AbstractContextLoader - Could not detect default resource locations for test class [com.howtodoinjava.demo.SpringBootDemoApplicationTests]: no resource found for suffixes {-context.xml, Context.groovy}.
09:55:57.475 [main] INFO org.springframework.test.context.support.AnnotationConfigContextLoaderUtils - Could not detect default configuration classes for test class [com.howtodoinjava.demo.SpringBootDemoApplicationTests]: SpringBootDemoApplicationTests does not declare any static, non-private, non-final, nested classes annotated with @Configuration.
09:55:57.480 [main] DEBUG org.springframework.test.context.support.ActiveProfilesUtils - Could not find an 'annotation declaring class' for annotation type [org.springframework.test.context.ActiveProfiles] and class [com.howtodoinjava.demo.SpringBootDemoApplicationTests]
09:55:57.481 [main] DEBUG org.springframework.core.env.StandardEnvironment - Adding [systemProperties] PropertySource with lowest search precedence
09:55:57.481 [main] DEBUG org.springframework.core.env.StandardEnvironment - Adding [systemEnvironment] PropertySource with lowest search precedence
09:55:57.482 [main] DEBUG org.springframework.core.env.StandardEnvironment - Initialized StandardEnvironment with PropertySources [systemProperties,systemEnvironment]
09:55:57.482 [main] DEBUG org.springframework.core.io.support.PathMatchingResourcePatternResolver - Resolved classpath location [com/howtodoinjava/demo/] to resources [URL [file:/C:/Users/c-rcheruku/Downloads/RewardsProgram/springbootdemo/target/test-classes/com/howtodoinjava/demo/]]
09:55:57.482 [main] DEBUG org.springframework.core.io.support.PathMatchingResourcePatternResolver - Looking for matching resources in directory tree [C:\Users\c-rcheruku\Downloads\RewardsProgram\springbootdemo\target\test-classes\com\howtodoinjava\demo]
09:55:57.482 [main] DEBUG org.springframework.core.io.support.PathMatchingResourcePatternResolver - Searching directory [C:\Users\c-rcheruku\Downloads\RewardsProgram\springbootdemo\target\test-classes\com\howtodoinjava\demo] for files matching pattern [C:/Users/c-rcheruku/Downloads/RewardsProgram/springbootdemo/target/test-classes/com/howtodoinjava/demo/*.class]
09:55:57.484 [main] DEBUG org.springframework.core.io.support.PathMatchingResourcePatternResolver - Resolved location pattern [classpath*:com/howtodoinjava/demo/*.class] to resources [file [C:\Users\c-rcheruku\Downloads\RewardsProgram\springbootdemo\target\test-classes\com\howtodoinjava\demo\SpringBootDemoApplicationTests.class]]
09:55:57.485 [main] DEBUG org.springframework.core.io.support.PathMatchingResourcePatternResolver - Resolved classpath location [com/howtodoinjava/] to resources [URL [file:/C:/Users/c-rcheruku/Downloads/RewardsProgram/springbootdemo/target/test-classes/com/howtodoinjava/]]
09:55:57.485 [main] DEBUG org.springframework.core.io.support.PathMatchingResourcePatternResolver - Looking for matching resources in directory tree [C:\Users\c-rcheruku\Downloads\RewardsProgram\springbootdemo\target\test-classes\com\howtodoinjava]
09:55:57.485 [main] DEBUG org.springframework.core.io.support.PathMatchingResourcePatternResolver - Searching directory [C:\Users\c-rcheruku\Downloads\RewardsProgram\springbootdemo\target\test-classes\com\howtodoinjava] for files matching pattern [C:/Users/c-rcheruku/Downloads/RewardsProgram/springbootdemo/target/test-classes/com/howtodoinjava/*.class]
09:55:57.486 [main] DEBUG org.springframework.core.io.support.PathMatchingResourcePatternResolver - Resolved location pattern [classpath*:com/howtodoinjava/*.class] to resources []
09:55:57.487 [main] DEBUG org.springframework.core.io.support.PathMatchingResourcePatternResolver - Resolved classpath location [com/] to resources [URL [file:/C:/Users/c-rcheruku/Downloads/RewardsProgram/springbootdemo/target/test-classes/com/], URL [file:/C:/Users/c-rcheruku/Downloads/RewardsProgram/springbootdemo/target/classes/com/], URL [jar:file:/C:/Users/c-rcheruku/.m2/repository/com/fasterxml/jackson/core/jackson-databind/2.8.1/jackson-databind-2.8.1.jar!/com/], URL [jar:file:/C:/Users/c-rcheruku/.m2/repository/com/fasterxml/jackson/core/jackson-annotations/2.8.1/jackson-annotations-2.8.1.jar!/com/], URL [jar:file:/C:/Users/c-rcheruku/.m2/repository/com/fasterxml/jackson/core/jackson-core/2.8.1/jackson-core-2.8.1.jar!/com/], URL [jar:file:/C:/Users/c-rcheruku/.m2/repository/org/glassfish/jersey/core/jersey-server/2.23.1/jersey-server-2.23.1.jar!/com/], URL [jar:file:/C:/Users/c-rcheruku/.m2/repository/org/glassfish/hk2/hk2-core/2.4.0-b34/hk2-core-2.4.0-b34.jar!/com/], URL [jar:file:/C:/Users/c-rcheruku/.m2/repository/com/fasterxml/jackson/jaxrs/jackson-jaxrs-base/2.8.1/jackson-jaxrs-base-2.8.1.jar!/com/], URL [jar:file:/C:/Users/c-rcheruku/.m2/repository/com/fasterxml/jackson/jaxrs/jackson-jaxrs-json-provider/2.8.1/jackson-jaxrs-json-provider-2.8.1.jar!/com/], URL [jar:file:/C:/Users/c-rcheruku/.m2/repository/com/fasterxml/jackson/module/jackson-module-jaxb-annotations/2.8.1/jackson-module-jaxb-annotations-2.8.1.jar!/com/], URL [jar:file:/C:/Users/c-rcheruku/.m2/repository/com/fasterxml/classmate/1.3.1/classmate-1.3.1.jar!/com/], URL [jar:file:/C:/Users/c-rcheruku/.m2/repository/com/jayway/jsonpath/json-path/2.2.0/json-path-2.2.0.jar!/com/]]
09:55:57.488 [main] DEBUG org.springframework.core.io.support.PathMatchingResourcePatternResolver - Looking for matching resources in directory tree [C:\Users\c-rcheruku\Downloads\RewardsProgram\springbootdemo\target\test-classes\com]
09:55:57.488 [main] DEBUG org.springframework.core.io.support.PathMatchingResourcePatternResolver - Searching directory [C:\Users\c-rcheruku\Downloads\RewardsProgram\springbootdemo\target\test-classes\com] for files matching pattern [C:/Users/c-rcheruku/Downloads/RewardsProgram/springbootdemo/target/test-classes/com/*.class]
09:55:57.488 [main] DEBUG org.springframework.core.io.support.PathMatchingResourcePatternResolver - Looking for matching resources in directory tree [C:\Users\c-rcheruku\Downloads\RewardsProgram\springbootdemo\target\classes\com]
09:55:57.488 [main] DEBUG org.springframework.core.io.support.PathMatchingResourcePatternResolver - Searching directory [C:\Users\c-rcheruku\Downloads\RewardsProgram\springbootdemo\target\classes\com] for files matching pattern [C:/Users/c-rcheruku/Downloads/RewardsProgram/springbootdemo/target/classes/com/*.class]
09:55:57.489 [main] DEBUG org.springframework.core.io.support.PathMatchingResourcePatternResolver - Looking for matching resources in jar file [file:/C:/Users/c-rcheruku/.m2/repository/com/fasterxml/jackson/core/jackson-databind/2.8.1/jackson-databind-2.8.1.jar]
09:55:57.494 [main] DEBUG org.springframework.core.io.support.PathMatchingResourcePatternResolver - Looking for matching resources in jar file [file:/C:/Users/c-rcheruku/.m2/repository/com/fasterxml/jackson/core/jackson-annotations/2.8.1/jackson-annotations-2.8.1.jar]
09:55:57.495 [main] DEBUG org.springframework.core.io.support.PathMatchingResourcePatternResolver - Looking for matching resources in jar file [file:/C:/Users/c-rcheruku/.m2/repository/com/fasterxml/jackson/core/jackson-core/2.8.1/jackson-core-2.8.1.jar]
09:55:57.496 [main] DEBUG org.springframework.core.io.support.PathMatchingResourcePatternResolver - Looking for matching resources in jar file [file:/C:/Users/c-rcheruku/.m2/repository/org/glassfish/jersey/core/jersey-server/2.23.1/jersey-server-2.23.1.jar]
09:55:57.497 [main] DEBUG org.springframework.core.io.support.PathMatchingResourcePatternResolver - Looking for matching resources in jar file [file:/C:/Users/c-rcheruku/.m2/repository/org/glassfish/hk2/hk2-core/2.4.0-b34/hk2-core-2.4.0-b34.jar]
09:55:57.498 [main] DEBUG org.springframework.core.io.support.PathMatchingResourcePatternResolver - Looking for matching resources in jar file [file:/C:/Users/c-rcheruku/.m2/repository/com/fasterxml/jackson/jaxrs/jackson-jaxrs-base/2.8.1/jackson-jaxrs-base-2.8.1.jar]
09:55:57.499 [main] DEBUG org.springframework.core.io.support.PathMatchingResourcePatternResolver - Looking for matching resources in jar file [file:/C:/Users/c-rcheruku/.m2/repository/com/fasterxml/jackson/jaxrs/jackson-jaxrs-json-provider/2.8.1/jackson-jaxrs-json-provider-2.8.1.jar]
09:55:57.499 [main] DEBUG org.springframework.core.io.support.PathMatchingResourcePatternResolver - Looking for matching resources in jar file [file:/C:/Users/c-rcheruku/.m2/repository/com/fasterxml/jackson/module/jackson-module-jaxb-annotations/2.8.1/jackson-module-jaxb-annotations-2.8.1.jar]
09:55:57.499 [main] DEBUG org.springframework.core.io.support.PathMatchingResourcePatternResolver - Looking for matching resources in jar file [file:/C:/Users/c-rcheruku/.m2/repository/com/fasterxml/classmate/1.3.1/classmate-1.3.1.jar]
09:55:57.500 [main] DEBUG org.springframework.core.io.support.PathMatchingResourcePatternResolver - Looking for matching resources in jar file [file:/C:/Users/c-rcheruku/.m2/repository/com/jayway/jsonpath/json-path/2.2.0/json-path-2.2.0.jar]
09:55:57.501 [main] DEBUG org.springframework.core.io.support.PathMatchingResourcePatternResolver - Resolved location pattern [classpath*:com/*.class] to resources []
]]></system-out>
  </testcase>
</testsuite>